#
# A fatal error has been detected by the Java Runtime Environment:
#
#  Internal Error (javaClasses.cpp:136), pid=4052, tid=6520
#  fatal error: Invalid layout of preloaded class
#
# JRE version:  (7.0_40-b43) (build )
# Java VM: Java HotSpot(TM) 64-Bit Server VM (24.0-b56 mixed mode windows-amd64 compressed oops)
# Failed to write core dump. Minidumps are not enabled by default on client versions of Windows
#
# If you would like to submit a bug report, please visit:
#   http://bugreport.sun.com/bugreport/crash.jsp
#

---------------  T H R E A D  ---------------

Current thread (0x0000000002c70800):  JavaThread "Unknown thread" [_thread_in_vm, id=6520, stack(0x0000000002b20000,0x0000000002c20000)]

Stack: [0x0000000002b20000,0x0000000002c20000]

---------------  P R O C E S S  ---------------

Java Threads: ( => current thread )

Other Threads:

=>0x0000000002c70800 (exited) JavaThread "Unknown thread" [_thread_in_vm, id=6520, stack(0x0000000002b20000,0x0000000002c20000)]

VM state:not at safepoint (not fully initialized)

VM Mutex/Monitor currently owned by a thread: None

GC Heap History (0 events):
No events

Deoptimization events (0 events):
No events

Internal exceptions (0 events):
No events

Events (10 events):
Event: 0.009 loading class 0x0000000002cb49c0 done
Event: 0.009 loading class 0x0000000002cb43e0 done
Event: 0.009 loading class 0x0000000002cb43c0
Event: 0.009 loading class 0x0000000002cbc4c0
Event: 0.009 loading class 0x0000000002cbc4c0 done
Event: 0.009 loading class 0x0000000002cbc4f0
Event: 0.009 loading class 0x0000000002cbc4f0 done
Event: 0.009 loading class 0x0000000002cbc520
Event: 0.009 loading class 0x0000000002cbc520 done
Event: 0.009 loading class 0x0000000002cb43c0 done


Dynamic libraries:
0x000007f6d1660000 - 0x000007f6d1693000 	C:\Program Files\Java\jre7\bin\javaw.exe
0x000007fd52b60000 - 0x000007fd52d20000 	C:\WINDOWS\SYSTEM32\ntdll.dll
0x000007fd51310000 - 0x000007fd51446000 	C:\WINDOWS\system32\KERNEL32.DLL
0x000007fd4ed70000 - 0x000007fd4ee63000 	C:\WINDOWS\system32\KERNELBASE.dll
0x000007fd4f760000 - 0x000007fd4f83e000 	C:\WINDOWS\system32\ADVAPI32.dll
0x000007fd51450000 - 0x000007fd5159c000 	C:\WINDOWS\system32\USER32.dll
0x000007fd4cce0000 - 0x000007fd4cf4a000 	C:\WINDOWS\WinSxS\amd64_microsoft.windows.common-controls_6595b64144ccf1df_6.0.9200.16579_none_418ab7ef718b27ef\COMCTL32.dll
0x000007fd51720000 - 0x000007fd517c5000 	C:\WINDOWS\system32\msvcrt.dll
0x000007fd519f0000 - 0x000007fd51a38000 	C:\WINDOWS\SYSTEM32\sechost.dll
0x000007fd4f020000 - 0x000007fd4f165000 	C:\WINDOWS\system32\RPCRT4.dll
0x000007fd4f1e0000 - 0x000007fd4f321000 	C:\WINDOWS\system32\GDI32.dll
0x000007fd4f330000 - 0x000007fd4f369000 	C:\WINDOWS\system32\IMM32.DLL
0x000007fd518b0000 - 0x000007fd519c6000 	C:\WINDOWS\system32\MSCTF.dll
0x000007fd4e9c0000 - 0x000007fd4ea00000 	C:\Windows\system32\nvinitx.dll
0x000000006c290000 - 0x000000006c361000 	C:\Program Files\Java\jre7\bin\msvcr100.dll
0x000000006bac0000 - 0x000000006c289000 	C:\Program Files\Java\jre7\bin\server\jvm.dll
0x000007fd48a20000 - 0x000007fd48a29000 	C:\WINDOWS\SYSTEM32\WSOCK32.dll
0x000007fd4cba0000 - 0x000007fd4cbc0000 	C:\WINDOWS\SYSTEM32\WINMM.dll
0x000007fd4f010000 - 0x000007fd4f017000 	C:\WINDOWS\system32\PSAPI.DLL
0x000007fd4fd00000 - 0x000007fd4fd58000 	C:\WINDOWS\system32\WS2_32.dll
0x000007fd4cb50000 - 0x000007fd4cb83000 	C:\WINDOWS\SYSTEM32\WINMMBASE.dll
0x000007fd517d0000 - 0x000007fd517d9000 	C:\WINDOWS\system32\NSI.dll
0x000007fd4eec0000 - 0x000007fd4ef0f000 	C:\WINDOWS\SYSTEM32\cfgmgr32.dll
0x000007fd4ee90000 - 0x000007fd4eeb2000 	C:\WINDOWS\system32\DEVOBJ.dll
0x000000006c670000 - 0x000000006c67f000 	C:\Program Files\Java\jre7\bin\verify.dll
0x000000006c600000 - 0x000000006c628000 	C:\Program Files\Java\jre7\bin\java.dll
0x000000006baa0000 - 0x000000006bab5000 	C:\Program Files\Java\jre7\bin\zip.dll

VM Arguments:
jvm_args: -Dfile.encoding=Cp1252 -Xbootclasspath:C:\Users\pc\android-sdks\platforms\android-19\android.jar 
java_command: it.mapyou.persistence.StringGenerator
Launcher Type: SUN_STANDARD

Environment Variables:
JAVA_HOME=C:\Program Files\Java\jdk1.7.0_07
JRE_HOME=C:\Program Files\Java\jre7
CLASSPATH=D:\Software\XPress\lib\xprs.jar;D:\Software\XPress\lib\xprb.jar;D:\Software\XPress\lib\xprm.jar;D:\Software\swipl\bin;D:\Software\Huigen\HDE7.8J\Lib\hapi78.jar
PATH=D:\Software\XPress\bin;C:\Program Files\Common Files\Microsoft Shared\Windows Live;C:\Program Files (x86)\Common Files\Microsoft Shared\Windows Live;C:\WINDOWS\system32;C:\WINDOWS;C:\WINDOWS\System32\Wbem;C:\WINDOWS\System32\WindowsPowerShell\v1.0\;C:\Program Files (x86)\Windows Live\Shared;C:\Program Files\Intel\WiFi\bin\;C:\Program Files\Common Files\Intel\WirelessCommon\;C:\Program Files\MATLAB\R2010a\runtime\win64;C:\Program Files\MATLAB\R2010a\bin;C:\Program Files\Java\jdk1.7.0_07\bin;C:\Users\pc\android-sdks\platform-tools;C:\Users\pc\android-sdks\tools;D:\Software\swipl\bin
USERNAME=pc
OS=Windows_NT
PROCESSOR_IDENTIFIER=Intel64 Family 6 Model 42 Stepping 7, GenuineIntel



---------------  S Y S T E M  ---------------

OS: Windows 8 , 64 bit Build 9200 

CPU:total 4 (2 cores per cpu, 2 threads per core) family 6 model 42 stepping 7, cmov, cx8, fxsr, mmx, sse, sse2, sse3, ssse3, sse4.1, sse4.2, popcnt, avx, aes, ht, tsc, tscinvbit

Memory: 4k page, physical 8159288k(5631608k free), swap 16547896k(13047984k free)

vm_info: Java HotSpot(TM) 64-Bit Server VM (24.0-b56) for windows-amd64 JRE (1.7.0_40-b43), built on Aug 26 2013 22:38:32 by "java_re" with unknown MS VC++:1600

time: Thu May 15 09:08:13 2014
elapsed time: 0 seconds

