#
# A fatal error has been detected by the Java Runtime Environment:
#
#  Internal Error (javaClasses.cpp:136), pid=7916, tid=6644
#  fatal error: Invalid layout of preloaded class
#
# JRE version:  (7.0_40-b43) (build )
# Java VM: Java HotSpot(TM) 64-Bit Server VM (24.0-b56 mixed mode windows-amd64 compressed oops)
# Failed to write core dump. Minidumps are not enabled by default on client versions of Windows
#
# If you would like to submit a bug report, please visit:
#   http://bugreport.sun.com/bugreport/crash.jsp
#

---------------  T H R E A D  ---------------

Current thread (0x0000000002cb0800):  JavaThread "Unknown thread" [_thread_in_vm, id=6644, stack(0x0000000002b90000,0x0000000002c90000)]

Stack: [0x0000000002b90000,0x0000000002c90000]

---------------  P R O C E S S  ---------------

Java Threads: ( => current thread )

Other Threads:

=>0x0000000002cb0800 (exited) JavaThread "Unknown thread" [_thread_in_vm, id=6644, stack(0x0000000002b90000,0x0000000002c90000)]

VM state:not at safepoint (not fully initialized)

VM Mutex/Monitor currently owned by a thread: None

GC Heap History (0 events):
No events

Deoptimization events (0 events):
No events

Internal exceptions (0 events):
No events

Events (10 events):
Event: 0.009 loading class 0x0000000002cf49c0 done
Event: 0.009 loading class 0x0000000002cf43e0 done
Event: 0.009 loading class 0x0000000002cf43c0
Event: 0.009 loading class 0x0000000002cfc4c0
Event: 0.009 loading class 0x0000000002cfc4c0 done
Event: 0.009 loading class 0x0000000002cfc4f0
Event: 0.009 loading class 0x0000000002cfc4f0 done
Event: 0.009 loading class 0x0000000002cfc520
Event: 0.009 loading class 0x0000000002cfc520 done
Event: 0.009 loading class 0x0000000002cf43c0 done


Dynamic libraries:
0x000007f62a590000 - 0x000007f62a5c3000 	C:\Program Files\Java\jre7\bin\javaw.exe
0x000007f93efe0000 - 0x000007f93f1a0000 	C:\WINDOWS\SYSTEM32\ntdll.dll
0x000007f93ca70000 - 0x000007f93cba6000 	C:\WINDOWS\system32\KERNEL32.DLL
0x000007f93b140000 - 0x000007f93b233000 	C:\WINDOWS\system32\KERNELBASE.dll
0x000007f93df40000 - 0x000007f93e01e000 	C:\WINDOWS\system32\ADVAPI32.dll
0x000007f93c460000 - 0x000007f93c5ac000 	C:\WINDOWS\system32\USER32.dll
0x000007f939160000 - 0x000007f9393ca000 	C:\WINDOWS\WinSxS\amd64_microsoft.windows.common-controls_6595b64144ccf1df_6.0.9200.16579_none_418ab7ef718b27ef\COMCTL32.dll
0x000007f93c3a0000 - 0x000007f93c445000 	C:\WINDOWS\system32\msvcrt.dll
0x000007f93b8a0000 - 0x000007f93b8e8000 	C:\WINDOWS\SYSTEM32\sechost.dll
0x000007f93bcb0000 - 0x000007f93bdf5000 	C:\WINDOWS\system32\RPCRT4.dll
0x000007f93c5d0000 - 0x000007f93c711000 	C:\WINDOWS\system32\GDI32.dll
0x000007f93be00000 - 0x000007f93be39000 	C:\WINDOWS\system32\IMM32.DLL
0x000007f93be50000 - 0x000007f93bf66000 	C:\WINDOWS\system32\MSCTF.dll
0x000007f93ae40000 - 0x000007f93ae80000 	C:\Windows\system32\nvinitx.dll
0x000000005d450000 - 0x000000005d521000 	C:\Program Files\Java\jre7\bin\msvcr100.dll
0x000000005c0a0000 - 0x000000005c869000 	C:\Program Files\Java\jre7\bin\server\jvm.dll
0x000007f934cc0000 - 0x000007f934cc9000 	C:\WINDOWS\SYSTEM32\WSOCK32.dll
0x000007f937930000 - 0x000007f937950000 	C:\WINDOWS\SYSTEM32\WINMM.dll
0x000007f93c5c0000 - 0x000007f93c5c7000 	C:\WINDOWS\system32\PSAPI.DLL
0x000007f93bb60000 - 0x000007f93bbb8000 	C:\WINDOWS\system32\WS2_32.dll
0x000007f936cf0000 - 0x000007f936d23000 	C:\WINDOWS\SYSTEM32\WINMMBASE.dll
0x000007f93c450000 - 0x000007f93c459000 	C:\WINDOWS\system32\NSI.dll
0x000007f93b2f0000 - 0x000007f93b33f000 	C:\WINDOWS\SYSTEM32\cfgmgr32.dll
0x000007f93b240000 - 0x000007f93b262000 	C:\WINDOWS\system32\DEVOBJ.dll
0x000000005d920000 - 0x000000005d92f000 	C:\Program Files\Java\jre7\bin\verify.dll
0x000000005d420000 - 0x000000005d448000 	C:\Program Files\Java\jre7\bin\java.dll
0x000000005d400000 - 0x000000005d415000 	C:\Program Files\Java\jre7\bin\zip.dll

VM Arguments:
jvm_args: -Dfile.encoding=Cp1252 -Xbootclasspath:C:\Users\pc\android-sdks\platforms\android-19\android.jar 
java_command: it.mapyou.persistence.StringGenerator
Launcher Type: SUN_STANDARD

Environment Variables:
JAVA_HOME=C:\Program Files\Java\jdk1.7.0_07
JRE_HOME=C:\Program Files\Java\jre7
CLASSPATH=D:\Software\XPress\lib\xprs.jar;D:\Software\XPress\lib\xprb.jar;D:\Software\XPress\lib\xprm.jar;D:\Software\swipl\bin;D:\Software\Huigen\HDE7.8J\Lib\hapi78.jar
PATH=D:\Software\XPress\bin;C:\Program Files\Common Files\Microsoft Shared\Windows Live;C:\Program Files (x86)\Common Files\Microsoft Shared\Windows Live;C:\WINDOWS\system32;C:\WINDOWS;C:\WINDOWS\System32\Wbem;C:\WINDOWS\System32\WindowsPowerShell\v1.0\;C:\Program Files (x86)\Windows Live\Shared;C:\Program Files\Intel\WiFi\bin\;C:\Program Files\Common Files\Intel\WirelessCommon\;C:\Program Files\MATLAB\R2010a\runtime\win64;C:\Program Files\MATLAB\R2010a\bin;C:\Program Files\Java\jdk1.7.0_07\bin;C:\Users\pc\android-sdks\platform-tools;C:\Users\pc\android-sdks\tools;D:\Software\swipl\bin
USERNAME=pc
OS=Windows_NT
PROCESSOR_IDENTIFIER=Intel64 Family 6 Model 42 Stepping 7, GenuineIntel



---------------  S Y S T E M  ---------------

OS: Windows 8 , 64 bit Build 9200 

CPU:total 4 (2 cores per cpu, 2 threads per core) family 6 model 42 stepping 7, cmov, cx8, fxsr, mmx, sse, sse2, sse3, ssse3, sse4.1, sse4.2, popcnt, avx, aes, ht, tsc, tscinvbit

Memory: 4k page, physical 8159288k(4880756k free), swap 16547896k(12565824k free)

vm_info: Java HotSpot(TM) 64-Bit Server VM (24.0-b56) for windows-amd64 JRE (1.7.0_40-b43), built on Aug 26 2013 22:38:32 by "java_re" with unknown MS VC++:1600

time: Sat May 10 12:04:54 2014
elapsed time: 0 seconds

