#
# A fatal error has been detected by the Java Runtime Environment:
#
#  Internal Error (javaClasses.cpp:136), pid=4372, tid=5952
#  fatal error: Invalid layout of preloaded class
#
# JRE version:  (7.0_45-b18) (build )
# Java VM: Java HotSpot(TM) Client VM (24.45-b08 mixed mode windows-x86 )
# Failed to write core dump. Minidumps are not enabled by default on client versions of Windows
#
# If you would like to submit a bug report, please visit:
#   http://bugreport.sun.com/bugreport/crash.jsp
#

---------------  T H R E A D  ---------------

Current thread (0x022cd400):  JavaThread "Unknown thread" [_thread_in_vm, id=5952, stack(0x02270000,0x022c0000)]

Stack: [0x02270000,0x022c0000],  sp=0x022bf5d4,  free space=317k
Native frames: (J=compiled Java code, j=interpreted, Vv=VM code, C=native code)
V  [jvm.dll+0x18df51]
V  [jvm.dll+0x187cc6]
V  [jvm.dll+0x3586a]
V  [jvm.dll+0x358f6]
V  [jvm.dll+0x4400d]
V  [jvm.dll+0x442be]
V  [jvm.dll+0x9263a]
V  [jvm.dll+0x929eb]
V  [jvm.dll+0x13daf1]
V  [jvm.dll+0x1605fc]
V  [jvm.dll+0xc8ebf]
C  [javaw.exe+0x13ce]
C  [javaw.exe+0x1e40]
C  [javaw.exe+0xa5b1]
C  [javaw.exe+0xa63b]
C  [kernel32.dll+0x1336a]
C  [ntdll.dll+0x39f72]
C  [ntdll.dll+0x39f45]


---------------  P R O C E S S  ---------------

Java Threads: ( => current thread )

Other Threads:

=>0x022cd400 (exited) JavaThread "Unknown thread" [_thread_in_vm, id=5952, stack(0x02270000,0x022c0000)]

VM state:not at safepoint (not fully initialized)

VM Mutex/Monitor currently owned by a thread: None

GC Heap History (0 events):
No events

Deoptimization events (0 events):
No events

Internal exceptions (0 events):
No events

Events (10 events):
Event: 0.032 loading class 0x01c1a4a8 done
Event: 0.032 loading class 0x01c19f38 done
Event: 0.032 loading class 0x01c19f18
Event: 0.033 loading class 0x01c21240
Event: 0.033 loading class 0x01c21240 done
Event: 0.033 loading class 0x01c21270
Event: 0.033 loading class 0x01c21270 done
Event: 0.033 loading class 0x01c212a0
Event: 0.033 loading class 0x01c212a0 done
Event: 0.033 loading class 0x01c19f18 done


Dynamic libraries:
0x00020000 - 0x0004f000 	C:\Program Files (x86)\Java\jre7\bin\javaw.exe
0x77c40000 - 0x77dc0000 	C:\Windows\SysWOW64\ntdll.dll
0x77690000 - 0x777a0000 	C:\Windows\syswow64\kernel32.dll
0x767b0000 - 0x767f7000 	C:\Windows\syswow64\KERNELBASE.dll
0x777a0000 - 0x77840000 	C:\Windows\syswow64\ADVAPI32.dll
0x76850000 - 0x768fc000 	C:\Windows\syswow64\msvcrt.dll
0x771a0000 - 0x771b9000 	C:\Windows\SysWOW64\sechost.dll
0x775a0000 - 0x77690000 	C:\Windows\syswow64\RPCRT4.dll
0x75690000 - 0x756f0000 	C:\Windows\syswow64\SspiCli.dll
0x75680000 - 0x7568c000 	C:\Windows\syswow64\CRYPTBASE.dll
0x758e0000 - 0x759e0000 	C:\Windows\syswow64\USER32.dll
0x77510000 - 0x775a0000 	C:\Windows\syswow64\GDI32.dll
0x76800000 - 0x7680a000 	C:\Windows\syswow64\LPK.dll
0x77360000 - 0x773fd000 	C:\Windows\syswow64\USP10.dll
0x70090000 - 0x7022e000 	C:\Windows\WinSxS\x86_microsoft.windows.common-controls_6595b64144ccf1df_6.0.7601.17514_none_41e6975e2bd6f2b2\COMCTL32.dll
0x75870000 - 0x758c7000 	C:\Windows\syswow64\SHLWAPI.dll
0x76b20000 - 0x76b80000 	C:\Windows\system32\IMM32.DLL
0x76990000 - 0x76a5c000 	C:\Windows\syswow64\MSCTF.dll
0x724f0000 - 0x72526000 	C:\Windows\SysWOW64\nvinit.dll
0x73b90000 - 0x73c4f000 	C:\Program Files (x86)\Java\jre7\bin\msvcr100.dll
0x6a3a0000 - 0x6a720000 	C:\Program Files (x86)\Java\jre7\bin\client\jvm.dll
0x729f0000 - 0x729f7000 	C:\Windows\system32\WSOCK32.dll
0x76810000 - 0x76845000 	C:\Windows\syswow64\WS2_32.dll
0x75860000 - 0x75866000 	C:\Windows\syswow64\NSI.dll
0x72cd0000 - 0x72d02000 	C:\Windows\system32\WINMM.dll
0x77c10000 - 0x77c15000 	C:\Windows\syswow64\PSAPI.DLL
0x73fd0000 - 0x73fdc000 	C:\Program Files (x86)\Java\jre7\bin\verify.dll
0x73fb0000 - 0x73fd0000 	C:\Program Files (x86)\Java\jre7\bin\java.dll
0x73f90000 - 0x73fa3000 	C:\Program Files (x86)\Java\jre7\bin\zip.dll
0x6fd20000 - 0x6fe0b000 	C:\Windows\system32\dbghelp.dll

VM Arguments:
jvm_args: -Dfile.encoding=Cp1252 -Xbootclasspath:C:\Program Files (x86)\Android\android-sdk\platforms\android-19\android.jar 
java_command: it.mapyou.model.FactoryModelCreator
Launcher Type: SUN_STANDARD

Environment Variables:
JAVA_HOME=C:\Program Files (x86)\Java\jre7\
JRE_HOME=C:\Program Files (x86)\Java\jre7\
CLASSPATH=C:\Users\Mentalist\Documents\Fico_XPress_7_6\lib\xprs.jar;C:\Users\Mentalist\Documents\Fico_XPress_7_6\lib\xprb.jar;C:\Users\Mentalist\Documents\Fico_XPress_7_6\lib\xprm.jar;
PATH=C:/Program Files (x86)/Java/jre7/bin/client;C:/Program Files (x86)/Java/jre7/bin;C:/Program Files (x86)/Java/jre7/lib/i386;C:\Users\Mentalist\Documents\Fico_XPress_7_6\bin;C:\Program Files (x86)\PHP\;C:\Program Files (x86)\NVIDIA Corporation\PhysX\Common;C:\Program Files\Common Files\Microsoft Shared\Windows Live;C:\Program Files (x86)\Common Files\Microsoft Shared\Windows Live;C:\Windows\system32;C:\Windows;C:\Windows\System32\Wbem;C:\Windows\System32\WindowsPowerShell\v1.0\;C:\Program Files (x86)\Windows Live\Shared;C:\Program Files (x86)\EgisTec MyWinLocker\x64;C:\Program Files (x86)\EgisTec MyWinLocker\;C:\Program Files\MATLAB\R2010a\runtime\win64;C:\Program Files\MATLAB\R2010a\bin;C:\Program Files (x86)\Java\jdk1.7.0_45\bin;C:\Program Files (x86)\Java\jre7\bin;C:\Program Files\MySQL\MySQL Server 5.5\bin;C:\Program Files\TortoiseSVN\bin;C:\Program Files\TortoiseGit\bin;C:\Program Files (x86)\MySQL\MySQL Server 5.5\bin;C:\Program Files (x86)\MySQL\MySQL Server 5.1\bin;C:\Program Files\Microsoft\Web Platform Installer\;C:\Program Files (x86)\Microsoft ASP.NET\ASP.NET Web Pages\v1.0\;C:\Program Files\Microsoft SQL Server\110\Tools\Binn\;c:\Program Files (x86)\Microsoft SQL Server\100\Tools\Binn\;c:\Program Files\Microsoft SQL Server\100\Tools\Binn\;c:\Program Files\Microsoft SQL Server\100\DTS\Binn\;C:\Program Files (x86)\Android\android-sdk\tools;;C:\Program Files (x86)\Java\jdk1.6.0_35\bin;C:\Program Files (x86)\Java\jdk1.7.0_45\bin;C:\MinGW\bin;C:\Python33;C:\Program Files (x86)\swipl\bin;C:\Program Files (x86)\Hugin Expert\Hugin Lite 7.8\Bin;C:\Users\Mentalist\Documents\eclipse;
USERNAME=Mentalist
OS=Windows_NT
PROCESSOR_IDENTIFIER=Intel64 Family 6 Model 42 Stepping 7, GenuineIntel



---------------  S Y S T E M  ---------------

OS: Windows 7 , 64 bit Build 7601 Service Pack 1

CPU:total 4 (2 cores per cpu, 2 threads per core) family 6 model 42 stepping 7, cmov, cx8, fxsr, mmx, sse, sse2, sse3, ssse3, sse4.1, sse4.2, popcnt, avx, aes, ht, tsc, tscinvbit

Memory: 4k page, physical 4042608k(1578788k free), swap 8083352k(5055048k free)

vm_info: Java HotSpot(TM) Client VM (24.45-b08) for windows-x86 JRE (1.7.0_45-b18), built on Oct  8 2013 06:02:43 by "java_re" with unknown MS VC++:1600

time: Fri May 09 11:57:25 2014
elapsed time: 0 seconds

